<?xml version="1.0" encoding="UTF-8"?>
<testng-results skipped="0" failed="0" ignored="0" total="1" passed="1">
  <reporter-output>
  </reporter-output>
  <suite name="Default suite" duration-ms="43" started-at="2018-07-22T15:42:11Z" finished-at="2018-07-22T15:42:11Z">
    <groups>
    </groups>
    <test name="Default test" duration-ms="43" started-at="2018-07-22T15:42:11Z" finished-at="2018-07-22T15:42:11Z">
      <class name="TestPackage.SampleProgramme">
        <test-method status="PASS" signature="test()[pri:0, instance:TestPackage.SampleProgramme@76a3e297]" name="test" duration-ms="13" started-at="2018-07-22T15:42:11Z" finished-at="2018-07-22T15:42:11Z">
          <reporter-output>
          </reporter-output>
        </test-method> <!-- test -->
      </class> <!-- TestPackage.SampleProgramme -->
    </test> <!-- Default test -->
  </suite> <!-- Default suite -->
</testng-results>
